{
  "RSpec": {
    "coverage": {
      "/Users/trishgriego/ada/week6/door/lib/door.rb": [
        null,
        1,
        null,
        null,
        1,
        1,
        null,
        1,
        null,
        null,
        null,
        12,
        12,
        null,
        null,
        null,
        null,
        null,
        null,
        null,
        null,
        null,
        null,
        null,
        null,
        null,
        null,
        1,
        null,
        4,
        1,
        null,
        null,
        3,
        null,
        1,
        null,
        null,
        2,
        2,
        null,
        null,
        null,
        null,
        1,
        2,
        0,
        null,
        2,
        2,
        null,
        null,
        0,
        0,
        null,
        null,
        null,
        1,
        null,
        3,
        null,
        1,
        2,
        null,
        1,
        null,
        null,
        1,
        1,
        null,
        null,
        null,
        1,
        null,
        3,
        null,
        1,
        null,
        null,
        2,
        1,
        null,
        null,
        null,
        null,
        null,
        null,
        null,
        null,
        null,
        null,
        null,
        null,
        null,
        null,
        null,
        null,
        null,
        null,
        null,
        null,
        null,
        null,
        null,
        null,
        null,
        null,
        null,
        null,
        null,
        null,
        null,
        null,
        null,
        null,
        null,
        null,
        null,
        null,
        null,
        null,
        null,
        null,
        null,
        null,
        null,
        null
      ]
    },
    "timestamp": 1474492414
  }
}
